<?xml version="1.0" encoding="UTF-8"?>
<testng-results total="1" passed="1" failed="0" skipped="0">
  <reporter-output>
  </reporter-output>
  <suite started-at="2022-07-29T09:40:32Z" name="Default suite" finished-at="2022-07-29T09:41:37Z" duration-ms="64219">
    <groups>
    </groups>
    <test started-at="2022-07-29T09:40:32Z" name="Default test" finished-at="2022-07-29T09:41:37Z" duration-ms="64219">
      <class name="STPL_TestCases.Non_financial_Test">
        <test-method is-config="true" signature="setup()[pri:0, instance:STPL_TestCases.Non_financial_Test@1e44b638]" started-at="2022-07-29T15:10:32Z" name="setup" finished-at="2022-07-29T15:11:27Z" duration-ms="54248" status="PASS">
          <reporter-output>
          </reporter-output>
        </test-method> <!-- setup -->
        <test-method signature="NonfinacialTest()[pri:0, instance:STPL_TestCases.Non_financial_Test@1e44b638]" started-at="2022-07-29T15:11:27Z" name="NonfinacialTest" finished-at="2022-07-29T15:11:37Z" duration-ms="9936" status="PASS">
          <reporter-output>
          </reporter-output>
        </test-method> <!-- NonfinacialTest -->
        <test-method is-config="true" signature="teardown()[pri:0, instance:STPL_TestCases.Non_financial_Test@1e44b638]" started-at="2022-07-29T15:11:37Z" name="teardown" finished-at="2022-07-29T15:11:37Z" duration-ms="1" status="PASS">
          <reporter-output>
          </reporter-output>
        </test-method> <!-- teardown -->
      </class> <!-- STPL_TestCases.Non_financial_Test -->
    </test> <!-- Default test -->
  </suite> <!-- Default suite -->
</testng-results>
